# JRE version: Java(TM) SE Runtime Environment (21.0.1+12) (build 21.0.1+12-LTS-29)
# Java VM: Java HotSpot(TM) 64-Bit Server VM (21.0.1+12-LTS-29, mixed mode, sharing, tiered, compressed oops, compressed class ptrs, g1 gc, windows-amd64)
GC Precious Log:
 CardTable entry size: 512
 Card Set container configuration: InlinePtr #cards 5 size 8 Array Of Cards #cards 12 size 40 Howl #buckets 4 coarsen threshold 1843 Howl Bitmap #cards 512 size 80 coarsen threshold 460 Card regions per heap region 1 cards per card region 2048
 CPUs: 8 total, 8 available
 Memory: 7502M
 Large Page Support: Disabled
 NUMA Support: Disabled
 Compressed Oops: Enabled (32-bit)
 Heap Region Size: 1M
 Heap Min Capacity: 8M
 Heap Initial Capacity: 118M
 Heap Max Capacity: 1876M
 Pre-touch: Disabled
 Parallel Workers: 8
 Concurrent Workers: 2
 Concurrent Refinement Workers: 8
 Periodic GC: Disabled
Heap:
 garbage-first heap   total 73728K, used 45305K [0x000000008ac00000, 0x0000000100000000)
  region size 1024K, 23 young (23552K), 4 survivors (4096K)
 Metaspace       used 72684K, committed 73280K, reserved 1114112K
  class space    used 9860K, committed 10112K, reserved 1048576K
GC Heap History (20 events):
Event: 3.112 GC heap before
{Heap before GC invocations=2 (full 0):
 garbage-first heap   total 120832K, used 40277K [0x000000008ac00000, 0x0000000100000000)
  region size 1024K, 33 young (33792K), 3 survivors (3072K)
 Metaspace       used 21105K, committed 21504K, reserved 1114112K
  class space    used 2639K, committed 2816K, reserved 1048576K
}
Event: 3.119 GC heap after
{Heap after GC invocations=3 (full 0):
 garbage-first heap   total 120832K, used 12494K [0x000000008ac00000, 0x0000000100000000)
  region size 1024K, 5 young (5120K), 5 survivors (5120K)
 Metaspace       used 21105K, committed 21504K, reserved 1114112K
  class space    used 2639K, committed 2816K, reserved 1048576K
}
Event: 3.423 GC heap before
{Heap before GC invocations=4 (full 0):
 garbage-first heap   total 51200K, used 38094K [0x000000008ac00000, 0x0000000100000000)
  region size 1024K, 30 young (30720K), 5 survivors (5120K)
 Metaspace       used 26613K, committed 27072K, reserved 1114112K
  class space    used 3313K, committed 3520K, reserved 1048576K
}
Event: 3.431 GC heap after
{Heap after GC invocations=5 (full 0):
 garbage-first heap   total 51200K, used 13923K [0x000000008ac00000, 0x0000000100000000)
  region size 1024K, 4 young (4096K), 4 survivors (4096K)
 Metaspace       used 26613K, committed 27072K, reserved 1114112K
  class space    used 3313K, committed 3520K, reserved 1048576K
}
Event: 3.834 GC heap before
{Heap before GC invocations=5 (full 0):
 garbage-first heap   total 51200K, used 38499K [0x000000008ac00000, 0x0000000100000000)
  region size 1024K, 29 young (29696K), 4 survivors (4096K)
 Metaspace       used 31011K, committed 31488K, reserved 1114112K
  class space    used 3831K, committed 4032K, reserved 1048576K
}
Event: 3.844 GC heap after
{Heap after GC invocations=6 (full 0):
 garbage-first heap   total 51200K, used 16256K [0x000000008ac00000, 0x0000000100000000)
  region size 1024K, 4 young (4096K), 4 survivors (4096K)
 Metaspace       used 31011K, committed 31488K, reserved 1114112K
  class space    used 3831K, committed 4032K, reserved 1048576K
}
Event: 4.348 GC heap before
{Heap before GC invocations=6 (full 0):
 garbage-first heap   total 51200K, used 40832K [0x000000008ac00000, 0x0000000100000000)
  region size 1024K, 28 young (28672K), 4 survivors (4096K)
 Metaspace       used 34148K, committed 34688K, reserved 1114112K
  class space    used 4308K, committed 4544K, reserved 1048576K
}
Event: 4.355 GC heap after
{Heap after GC invocations=7 (full 0):
 garbage-first heap   total 51200K, used 18146K [0x000000008ac00000, 0x0000000100000000)
  region size 1024K, 2 young (2048K), 2 survivors (2048K)
 Metaspace       used 34148K, committed 34688K, reserved 1114112K
  class space    used 4308K, committed 4544K, reserved 1048576K
}
Event: 4.738 GC heap before
{Heap before GC invocations=7 (full 0):
 garbage-first heap   total 51200K, used 30434K [0x000000008ac00000, 0x0000000100000000)
  region size 1024K, 15 young (15360K), 2 survivors (2048K)
 Metaspace       used 35826K, committed 36288K, reserved 1114112K
  class space    used 4543K, committed 4736K, reserved 1048576K
}
Event: 4.745 GC heap after
{Heap after GC invocations=8 (full 0):
 garbage-first heap   total 61440K, used 19456K [0x000000008ac00000, 0x0000000100000000)
  region size 1024K, 3 young (3072K), 3 survivors (3072K)
 Metaspace       used 35826K, committed 36288K, reserved 1114112K
  class space    used 4543K, committed 4736K, reserved 1048576K
}
Event: 5.687 GC heap before
{Heap before GC invocations=9 (full 0):
 garbage-first heap   total 61440K, used 52224K [0x000000008ac00000, 0x0000000100000000)
  region size 1024K, 35 young (35840K), 3 survivors (3072K)
 Metaspace       used 42290K, committed 42816K, reserved 1114112K
  class space    used 5646K, committed 5888K, reserved 1048576K
}
Event: 5.698 GC heap after
{Heap after GC invocations=10 (full 0):
 garbage-first heap   total 61440K, used 21504K [0x000000008ac00000, 0x0000000100000000)
  region size 1024K, 5 young (5120K), 5 survivors (5120K)
 Metaspace       used 42290K, committed 42816K, reserved 1114112K
  class space    used 5646K, committed 5888K, reserved 1048576K
}
Event: 6.493 GC heap before
{Heap before GC invocations=10 (full 0):
 garbage-first heap   total 61440K, used 52224K [0x000000008ac00000, 0x0000000100000000)
  region size 1024K, 35 young (35840K), 5 survivors (5120K)
 Metaspace       used 48921K, committed 49536K, reserved 1114112K
  class space    used 6630K, committed 6912K, reserved 1048576K
}
Event: 6.510 GC heap after
{Heap after GC invocations=11 (full 0):
 garbage-first heap   total 61440K, used 23361K [0x000000008ac00000, 0x0000000100000000)
  region size 1024K, 5 young (5120K), 5 survivors (5120K)
 Metaspace       used 48921K, committed 49536K, reserved 1114112K
  class space    used 6630K, committed 6912K, reserved 1048576K
}
Event: 7.332 GC heap before
{Heap before GC invocations=11 (full 0):
 garbage-first heap   total 61440K, used 52033K [0x000000008ac00000, 0x0000000100000000)
  region size 1024K, 34 young (34816K), 5 survivors (5120K)
 Metaspace       used 58397K, committed 58944K, reserved 1114112K
  class space    used 7755K, committed 8000K, reserved 1048576K
}
Event: 7.342 GC heap after
{Heap after GC invocations=12 (full 0):
 garbage-first heap   total 61440K, used 25468K [0x000000008ac00000, 0x0000000100000000)
  region size 1024K, 5 young (5120K), 5 survivors (5120K)
 Metaspace       used 58397K, committed 58944K, reserved 1114112K
  class space    used 7755K, committed 8000K, reserved 1048576K
}
Event: 7.501 GC heap before
{Heap before GC invocations=12 (full 0):
 garbage-first heap   total 61440K, used 33660K [0x000000008ac00000, 0x0000000100000000)
  region size 1024K, 14 young (14336K), 5 survivors (5120K)
 Metaspace       used 60041K, committed 60608K, reserved 1114112K
  class space    used 7935K, committed 8192K, reserved 1048576K
}
Event: 7.507 GC heap after
{Heap after GC invocations=13 (full 0):
 garbage-first heap   total 73728K, used 26112K [0x000000008ac00000, 0x0000000100000000)
  region size 1024K, 3 young (3072K), 3 survivors (3072K)
 Metaspace       used 60041K, committed 60608K, reserved 1114112K
  class space    used 7935K, committed 8192K, reserved 1048576K
}
Event: 8.246 GC heap before
{Heap before GC invocations=14 (full 0):
 garbage-first heap   total 73728K, used 61952K [0x000000008ac00000, 0x0000000100000000)
  region size 1024K, 39 young (39936K), 3 survivors (3072K)
 Metaspace       used 69250K, committed 69888K, reserved 1114112K
  class space    used 9380K, committed 9664K, reserved 1048576K
}
Event: 8.252 GC heap after
{Heap after GC invocations=15 (full 0):
 garbage-first heap   total 73728K, used 26873K [0x000000008ac00000, 0x0000000100000000)
  region size 1024K, 4 young (4096K), 4 survivors (4096K)
 Metaspace       used 69250K, committed 69888K, reserved 1114112K
  class space    used 9380K, committed 9664K, reserved 1048576K
}

